<?xml version="1.0" encoding="UTF-8"?>
<!-- Generated by org.testng.reporters.JUnitReportReporter -->
<testsuite hostname="DESKTOP-6DKNH69" failures="0" tests="2" name="BDD.Cucumber.TestRunner" time="15.329" errors="0" timestamp="2025-01-03T19:42:47 IST" skipped="0">
  <testcase classname="BDD.Cucumber.TestRunner" name="runScenario" time="5.385"/>
  <system-out/>
  <testcase classname="BDD.Cucumber.TestRunner" name="runScenario" time="9.944"/>
  <system-out/>
</testsuite> <!-- BDD.Cucumber.TestRunner -->
